# JRE version: Java(TM) SE Runtime Environment (8.0_161-b12) (build 1.8.0_161-b12)
# Java VM: Java HotSpot(TM) 64-Bit Server VM (25.161-b12 mixed mode bsd-amd64 compressed oops)
Heap:
 PSYoungGen      total 271360K, used 87189K [0x000000076ab00000, 0x0000000781300000, 0x00000007c0000000)
  eden space 246272K, 25% used [0x000000076ab00000,0x000000076e7a9200,0x0000000779b80000)
  from space 25088K, 99% used [0x0000000779b80000,0x000000077b3fc4a8,0x000000077b400000)
  to   space 31744K, 0% used [0x000000077f400000,0x000000077f400000,0x0000000781300000)
 ParOldGen       total 255488K, used 116675K [0x00000006c0000000, 0x00000006cf980000, 0x000000076ab00000)
  object space 255488K, 45% used [0x00000006c0000000,0x00000006c71f0e88,0x00000006cf980000)
 Metaspace       used 92014K, capacity 92912K, committed 93056K, reserved 1128448K
  class space    used 13207K, capacity 13416K, committed 13440K, reserved 1048576K
GC Heap History (10 events):
Event: 11.871 GC heap before
{Heap before GC invocations=14 (full 3):
 PSYoungGen      total 172032K, used 8393K [0x000000076ab00000, 0x0000000778880000, 0x00000007c0000000)
  eden space 160256K, 0% used [0x000000076ab00000,0x000000076ab00000,0x0000000774780000)
  from space 11776K, 71% used [0x0000000774780000,0x0000000774fb2558,0x0000000775300000)
  to   space 11776K, 0% used [0x0000000777d00000,0x0000000777d00000,0x0000000778880000)
 ParOldGen       total 171008K, used 34865K [0x00000006c0000000, 0x00000006ca700000, 0x000000076ab00000)
  object space 171008K, 20% used [0x00000006c0000000,0x00000006c220c720,0x00000006ca700000)
 Metaspace       used 58342K, capacity 58692K, committed 59028K, reserved 1099776K
  class space    used 8085K, capacity 8182K, committed 8192K, reserved 1048576K
Event: 11.988 GC heap after
Heap after GC invocations=14 (full 3):
 PSYoungGen      total 172032K, used 0K [0x000000076ab00000, 0x0000000778880000, 0x00000007c0000000)
  eden space 160256K, 0% used [0x000000076ab00000,0x000000076ab00000,0x0000000774780000)
  from space 11776K, 0% used [0x0000000774780000,0x0000000774780000,0x0000000775300000)
  to   space 11776K, 0% used [0x0000000777d00000,0x0000000777d00000,0x0000000778880000)
 ParOldGen       total 255488K, used 33009K [0x00000006c0000000, 0x00000006cf980000, 0x000000076ab00000)
  object space 255488K, 12% used [0x00000006c0000000,0x00000006c203c530,0x00000006cf980000)
 Metaspace       used 58342K, capacity 58692K, committed 59028K, reserved 1099776K
  class space    used 8085K, capacity 8182K, committed 8192K, reserved 1048576K
}
Event: 13.564 GC heap before
{Heap before GC invocations=15 (full 3):
 PSYoungGen      total 172032K, used 160256K [0x000000076ab00000, 0x0000000778880000, 0x00000007c0000000)
  eden space 160256K, 100% used [0x000000076ab00000,0x0000000774780000,0x0000000774780000)
  from space 11776K, 0% used [0x0000000774780000,0x0000000774780000,0x0000000775300000)
  to   space 11776K, 0% used [0x0000000777d00000,0x0000000777d00000,0x0000000778880000)
 ParOldGen       total 255488K, used 33009K [0x00000006c0000000, 0x00000006cf980000, 0x000000076ab00000)
  object space 255488K, 12% used [0x00000006c0000000,0x00000006c203c530,0x00000006cf980000)
 Metaspace       used 65763K, capacity 66094K, committed 66432K, reserved 1105920K
  class space    used 9152K, capacity 9251K, committed 9344K, reserved 1048576K
Event: 13.591 GC heap after
Heap after GC invocations=15 (full 3):
 PSYoungGen      total 214016K, used 11184K [0x000000076ab00000, 0x0000000778a00000, 0x00000007c0000000)
  eden space 202240K, 0% used [0x000000076ab00000,0x000000076ab00000,0x0000000777080000)
  from space 11776K, 94% used [0x0000000777d00000,0x00000007787ec280,0x0000000778880000)
  to   space 12800K, 0% used [0x0000000777080000,0x0000000777080000,0x0000000777d00000)
 ParOldGen       total 255488K, used 82169K [0x00000006c0000000, 0x00000006cf980000, 0x000000076ab00000)
  object space 255488K, 32% used [0x00000006c0000000,0x00000006c503e560,0x00000006cf980000)
 Metaspace       used 65763K, capacity 66094K, committed 66432K, reserved 1105920K
  class space    used 9152K, capacity 9251K, committed 9344K, reserved 1048576K
}
Event: 14.657 GC heap before
{Heap before GC invocations=16 (full 3):
 PSYoungGen      total 214016K, used 213424K [0x000000076ab00000, 0x0000000778a00000, 0x00000007c0000000)
  eden space 202240K, 100% used [0x000000076ab00000,0x0000000777080000,0x0000000777080000)
  from space 11776K, 94% used [0x0000000777d00000,0x00000007787ec280,0x0000000778880000)
  to   space 12800K, 0% used [0x0000000777080000,0x0000000777080000,0x0000000777d00000)
 ParOldGen       total 255488K, used 82169K [0x00000006c0000000, 0x00000006cf980000, 0x000000076ab00000)
  object space 255488K, 32% used [0x00000006c0000000,0x00000006c503e560,0x00000006cf980000)
 Metaspace       used 76950K, capacity 77296K, committed 77696K, reserved 1116160K
  class space    used 10954K, capacity 11083K, committed 11136K, reserved 1048576K
Event: 14.670 GC heap after
Heap after GC invocations=16 (full 3):
 PSYoungGen      total 215040K, used 12777K [0x000000076ab00000, 0x000000077c300000, 0x00000007c0000000)
  eden space 202240K, 0% used [0x000000076ab00000,0x000000076ab00000,0x0000000777080000)
  from space 12800K, 99% used [0x0000000777080000,0x0000000777cfa600,0x0000000777d00000)
  to   space 15360K, 0% used [0x000000077b400000,0x000000077b400000,0x000000077c300000)
 ParOldGen       total 255488K, used 86802K [0x00000006c0000000, 0x00000006cf980000, 0x000000076ab00000)
  object space 255488K, 33% used [0x00000006c0000000,0x00000006c54c4a58,0x00000006cf980000)
 Metaspace       used 76950K, capacity 77296K, committed 77696K, reserved 1116160K
  class space    used 10954K, capacity 11083K, committed 11136K, reserved 1048576K
}
Event: 16.683 GC heap before
{Heap before GC invocations=17 (full 3):
 PSYoungGen      total 215040K, used 215017K [0x000000076ab00000, 0x000000077c300000, 0x00000007c0000000)
  eden space 202240K, 100% used [0x000000076ab00000,0x0000000777080000,0x0000000777080000)
  from space 12800K, 99% used [0x0000000777080000,0x0000000777cfa600,0x0000000777d00000)
  to   space 15360K, 0% used [0x000000077b400000,0x000000077b400000,0x000000077c300000)
 ParOldGen       total 255488K, used 86802K [0x00000006c0000000, 0x00000006cf980000, 0x000000076ab00000)
  object space 255488K, 33% used [0x00000006c0000000,0x00000006c54c4a58,0x00000006cf980000)
 Metaspace       used 86880K, capacity 87518K, committed 87808K, reserved 1124352K
  class space    used 12538K, capacity 12689K, committed 12800K, reserved 1048576K
Event: 16.704 GC heap after
Heap after GC invocations=17 (full 3):
 PSYoungGen      total 261632K, used 15350K [0x000000076ab00000, 0x000000077d480000, 0x00000007c0000000)
  eden space 246272K, 0% used [0x000000076ab00000,0x000000076ab00000,0x0000000779b80000)
  from space 15360K, 99% used [0x000000077b400000,0x000000077c2fd960,0x000000077c300000)
  to   space 25088K, 0% used [0x0000000779b80000,0x0000000779b80000,0x000000077b400000)
 ParOldGen       total 255488K, used 107822K [0x00000006c0000000, 0x00000006cf980000, 0x000000076ab00000)
  object space 255488K, 42% used [0x00000006c0000000,0x00000006c694b9a0,0x00000006cf980000)
 Metaspace       used 86880K, capacity 87518K, committed 87808K, reserved 1124352K
  class space    used 12538K, capacity 12689K, committed 12800K, reserved 1048576K
}
Event: 20.202 GC heap before
{Heap before GC invocations=18 (full 3):
 PSYoungGen      total 261632K, used 261622K [0x000000076ab00000, 0x000000077d480000, 0x00000007c0000000)
  eden space 246272K, 100% used [0x000000076ab00000,0x0000000779b80000,0x0000000779b80000)
  from space 15360K, 99% used [0x000000077b400000,0x000000077c2fd960,0x000000077c300000)
  to   space 25088K, 0% used [0x0000000779b80000,0x0000000779b80000,0x000000077b400000)
 ParOldGen       total 255488K, used 107822K [0x00000006c0000000, 0x00000006cf980000, 0x000000076ab00000)
  object space 255488K, 42% used [0x00000006c0000000,0x00000006c694b9a0,0x00000006cf980000)
 Metaspace       used 91008K, capacity 91884K, committed 92160K, reserved 1128448K
  class space    used 13067K, capacity 13270K, committed 13312K, reserved 1048576K
Event: 20.222 GC heap after
Heap after GC invocations=18 (full 3):
 PSYoungGen      total 271360K, used 25073K [0x000000076ab00000, 0x0000000781300000, 0x00000007c0000000)
  eden space 246272K, 0% used [0x000000076ab00000,0x000000076ab00000,0x0000000779b80000)
  from space 25088K, 99% used [0x0000000779b80000,0x000000077b3fc4a8,0x000000077b400000)
  to   space 31744K, 0% used [0x000000077f400000,0x000000077f400000,0x0000000781300000)
 ParOldGen       total 255488K, used 116675K [0x00000006c0000000, 0x00000006cf980000, 0x000000076ab00000)
  object space 255488K, 45% used [0x00000006c0000000,0x00000006c71f0e88,0x00000006cf980000)
 Metaspace       used 91008K, capacity 91884K, committed 92160K, reserved 1128448K
  class space    used 13067K, capacity 13270K, committed 13312K, reserved 1048576K
}

